<?xml version="1.0" encoding="UTF-8"?>
<!-- Generated by org.testng.reporters.JUnitReportReporter -->
<testsuite hostname="INHYDSACHYADA1P" name="Stream.Tutorial.Test1" tests="3" failures="0" timestamp="28 Mar 2020 10:19:00 GMT" time="0.344" errors="0">
  <testcase name="test1" time="0.010" classname="Stream.Tutorial.Test1"/>
  <testcase name="printNamesLenMoreThan4" time="0.321" classname="Stream.Tutorial.Test1"/>
  <testcase name="streamTest" time="0.013" classname="Stream.Tutorial.Test1"/>
</testsuite> <!-- Stream.Tutorial.Test1 -->
